[shantoroy.com/security/website-cloning-and-rerunning-in-localhost/index.html]
[backblue.gif]
[fade.gif]
[index.html]
[live.staticflickr.com/65535/51895732364_0b8a245ce8_o.png]
[shantoroy.com/assets/css/main.css]
[cdn.jsdelivr.net/npm/@fortawesome/fontawesome-free@5/css/all.min.css]
[shantoroy.com/assets/images/shantoroy-logo.png]
[shantoroy.com/assets/images/sroy.png]
[pagead2.googlesyndication.com/pagead/js/f.txt]
[live.staticflickr.com/65535/53398371763_5fc8772ed9_o.png]
[shantoroy.com/assets/js/main.min.js]
[shantoroy.com/assets/js/lunr/lunr.min.js]
[shantoroy.com/assets/js/lunr/lunr-store.js]
[shantoroy.com/assets/js/lunr/lunr-en.js]
[connect.facebook.net/en_US/sdk.js]
[shantoroy.com/security/website-cloning-and-rerunning-in-localhost/index.html]
[shantoroy.com/assets/css/main.css]
[cdn.jsdelivr.net/npm/@fortawesome/fontawesome-free@5/css/all.min.css]
[connect.facebook.net/en_US/sdk.js]
